# JRE version: OpenJDK Runtime Environment Temurin-21.0.6+7 (21.0.6+7) (build 21.0.6+7-LTS)
# Java VM: OpenJDK 64-Bit Server VM Temurin-21.0.6+7 (21.0.6+7-LTS, mixed mode, sharing, tiered, compressed oops, compressed class ptrs, parallel gc, windows-amd64)
GC Precious Log:
 CardTable entry size: 512
 CPUs: 8 total, 8 available
 Memory: 6086M
 Large Page Support: Disabled
 NUMA Support: Disabled
 Compressed Oops: Enabled (32-bit)
 Alignments: Space 512K, Generation 512K, Heap 2M
 Heap Min Capacity: 100M
 Heap Initial Capacity: 100M
 Heap Max Capacity: 1G
 Pre-touch: Disabled
 Parallel Workers: 8
Heap:
 PSYoungGen      total 2048K, used 1817K [0x00000000eab00000, 0x00000000ead80000, 0x0000000100000000)
  eden space 1536K, 99% used [0x00000000eab00000,0x00000000eac7e750,0x00000000eac80000)
  from space 512K, 56% used [0x00000000eac80000,0x00000000eacc8000,0x00000000ead00000)
  to   space 512K, 62% used [0x00000000ead00000,0x00000000ead50000,0x00000000ead80000)
 ParOldGen       total 448512K, used 448155K [0x00000000c0000000, 0x00000000db600000, 0x00000000eab00000)
  object space 448512K, 99% used [0x00000000c0000000,0x00000000db5a6ec0,0x00000000db600000)
 Metaspace       used 73391K, committed 74944K, reserved 1179648K
  class space    used 7813K, committed 8512K, reserved 1048576K
GC Heap History (20 events):
Event: 47.787 GC heap before
{Heap before GC invocations=578 (full 3):
 PSYoungGen      total 1536K, used 1308K [0x00000000eab00000, 0x00000000ead80000, 0x0000000100000000)
  eden space 1024K, 99% used [0x00000000eab00000,0x00000000eabff188,0x00000000eac00000)
  from space 512K, 56% used [0x00000000ead00000,0x00000000ead48000,0x00000000ead80000)
  to   space 512K, 0% used [0x00000000eac80000,0x00000000eac80000,0x00000000ead00000)
 ParOldGen       total 445952K, used 445906K [0x00000000c0000000, 0x00000000db380000, 0x00000000eab00000)
  object space 445952K, 99% used [0x00000000c0000000,0x00000000db374ab0,0x00000000db380000)
 Metaspace       used 73390K, committed 74944K, reserved 1179648K
  class space    used 7813K, committed 8512K, reserved 1048576K
}
Event: 47.790 GC heap after
{Heap after GC invocations=578 (full 3):
 PSYoungGen      total 1536K, used 288K [0x00000000eab00000, 0x00000000ead80000, 0x0000000100000000)
  eden space 1024K, 0% used [0x00000000eab00000,0x00000000eab00000,0x00000000eac00000)
  from space 512K, 56% used [0x00000000eac80000,0x00000000eacc8000,0x00000000ead00000)
  to   space 512K, 0% used [0x00000000ead00000,0x00000000ead00000,0x00000000ead80000)
 ParOldGen       total 446464K, used 446058K [0x00000000c0000000, 0x00000000db400000, 0x00000000eab00000)
  object space 446464K, 99% used [0x00000000c0000000,0x00000000db39aab0,0x00000000db400000)
 Metaspace       used 73390K, committed 74944K, reserved 1179648K
  class space    used 7813K, committed 8512K, reserved 1048576K
}
Event: 47.810 GC heap before
{Heap before GC invocations=579 (full 3):
 PSYoungGen      total 1536K, used 1312K [0x00000000eab00000, 0x00000000ead80000, 0x0000000100000000)
  eden space 1024K, 100% used [0x00000000eab00000,0x00000000eac00000,0x00000000eac00000)
  from space 512K, 56% used [0x00000000eac80000,0x00000000eacc8000,0x00000000ead00000)
  to   space 512K, 0% used [0x00000000ead00000,0x00000000ead00000,0x00000000ead80000)
 ParOldGen       total 446464K, used 446058K [0x00000000c0000000, 0x00000000db400000, 0x00000000eab00000)
  object space 446464K, 99% used [0x00000000c0000000,0x00000000db39aab0,0x00000000db400000)
 Metaspace       used 73390K, committed 74944K, reserved 1179648K
  class space    used 7813K, committed 8512K, reserved 1048576K
}
Event: 47.813 GC heap after
{Heap after GC invocations=579 (full 3):
 PSYoungGen      total 1536K, used 187K [0x00000000eab00000, 0x00000000ead80000, 0x0000000100000000)
  eden space 1024K, 0% used [0x00000000eab00000,0x00000000eab00000,0x00000000eac00000)
  from space 512K, 36% used [0x00000000ead00000,0x00000000ead2ec08,0x00000000ead80000)
  to   space 512K, 0% used [0x00000000eac80000,0x00000000eac80000,0x00000000ead00000)
 ParOldGen       total 446464K, used 446186K [0x00000000c0000000, 0x00000000db400000, 0x00000000eab00000)
  object space 446464K, 99% used [0x00000000c0000000,0x00000000db3baab0,0x00000000db400000)
 Metaspace       used 73390K, committed 74944K, reserved 1179648K
  class space    used 7813K, committed 8512K, reserved 1048576K
}
Event: 47.836 GC heap before
{Heap before GC invocations=580 (full 3):
 PSYoungGen      total 1536K, used 1210K [0x00000000eab00000, 0x00000000ead80000, 0x0000000100000000)
  eden space 1024K, 99% used [0x00000000eab00000,0x00000000eabffff0,0x00000000eac00000)
  from space 512K, 36% used [0x00000000ead00000,0x00000000ead2ec08,0x00000000ead80000)
  to   space 512K, 0% used [0x00000000eac80000,0x00000000eac80000,0x00000000ead00000)
 ParOldGen       total 446464K, used 446186K [0x00000000c0000000, 0x00000000db400000, 0x00000000eab00000)
  object space 446464K, 99% used [0x00000000c0000000,0x00000000db3baab0,0x00000000db400000)
 Metaspace       used 73390K, committed 74944K, reserved 1179648K
  class space    used 7813K, committed 8512K, reserved 1048576K
}
Event: 47.838 GC heap after
{Heap after GC invocations=580 (full 3):
 PSYoungGen      total 1536K, used 224K [0x00000000eab00000, 0x00000000ead80000, 0x0000000100000000)
  eden space 1024K, 0% used [0x00000000eab00000,0x00000000eab00000,0x00000000eac00000)
  from space 512K, 43% used [0x00000000eac80000,0x00000000eacb8000,0x00000000ead00000)
  to   space 512K, 0% used [0x00000000ead00000,0x00000000ead00000,0x00000000ead80000)
 ParOldGen       total 446464K, used 446357K [0x00000000c0000000, 0x00000000db400000, 0x00000000eab00000)
  object space 446464K, 99% used [0x00000000c0000000,0x00000000db3e56b8,0x00000000db400000)
 Metaspace       used 73390K, committed 74944K, reserved 1179648K
  class space    used 7813K, committed 8512K, reserved 1048576K
}
Event: 47.846 GC heap before
{Heap before GC invocations=581 (full 3):
 PSYoungGen      total 1536K, used 1247K [0x00000000eab00000, 0x00000000ead80000, 0x0000000100000000)
  eden space 1024K, 99% used [0x00000000eab00000,0x00000000eabffff8,0x00000000eac00000)
  from space 512K, 43% used [0x00000000eac80000,0x00000000eacb8000,0x00000000ead00000)
  to   space 512K, 0% used [0x00000000ead00000,0x00000000ead00000,0x00000000ead80000)
 ParOldGen       total 446464K, used 446357K [0x00000000c0000000, 0x00000000db400000, 0x00000000eab00000)
  object space 446464K, 99% used [0x00000000c0000000,0x00000000db3e56b8,0x00000000db400000)
 Metaspace       used 73390K, committed 74944K, reserved 1179648K
  class space    used 7813K, committed 8512K, reserved 1048576K
}
Event: 47.850 GC heap after
{Heap after GC invocations=581 (full 3):
 PSYoungGen      total 1536K, used 340K [0x00000000eab00000, 0x00000000ead80000, 0x0000000100000000)
  eden space 1024K, 0% used [0x00000000eab00000,0x00000000eab00000,0x00000000eac00000)
  from space 512K, 66% used [0x00000000ead00000,0x00000000ead55370,0x00000000ead80000)
  to   space 512K, 0% used [0x00000000eac80000,0x00000000eac80000,0x00000000ead00000)
 ParOldGen       total 446976K, used 446509K [0x00000000c0000000, 0x00000000db480000, 0x00000000eab00000)
  object space 446976K, 99% used [0x00000000c0000000,0x00000000db40b6b8,0x00000000db480000)
 Metaspace       used 73390K, committed 74944K, reserved 1179648K
  class space    used 7813K, committed 8512K, reserved 1048576K
}
Event: 47.863 GC heap before
{Heap before GC invocations=582 (full 3):
 PSYoungGen      total 1536K, used 1355K [0x00000000eab00000, 0x00000000ead80000, 0x0000000100000000)
  eden space 1024K, 99% used [0x00000000eab00000,0x00000000eabfdbf0,0x00000000eac00000)
  from space 512K, 66% used [0x00000000ead00000,0x00000000ead55370,0x00000000ead80000)
  to   space 512K, 0% used [0x00000000eac80000,0x00000000eac80000,0x00000000ead00000)
 ParOldGen       total 446976K, used 446509K [0x00000000c0000000, 0x00000000db480000, 0x00000000eab00000)
  object space 446976K, 99% used [0x00000000c0000000,0x00000000db40b6b8,0x00000000db480000)
 Metaspace       used 73390K, committed 74944K, reserved 1179648K
  class space    used 7813K, committed 8512K, reserved 1048576K
}
Event: 47.865 GC heap after
{Heap after GC invocations=582 (full 3):
 PSYoungGen      total 1536K, used 224K [0x00000000eab00000, 0x00000000ead80000, 0x0000000100000000)
  eden space 1024K, 0% used [0x00000000eab00000,0x00000000eab00000,0x00000000eac00000)
  from space 512K, 43% used [0x00000000eac80000,0x00000000eacb8000,0x00000000ead00000)
  to   space 512K, 0% used [0x00000000ead00000,0x00000000ead00000,0x00000000ead80000)
 ParOldGen       total 446976K, used 446693K [0x00000000c0000000, 0x00000000db480000, 0x00000000eab00000)
  object space 446976K, 99% used [0x00000000c0000000,0x00000000db4396b8,0x00000000db480000)
 Metaspace       used 73390K, committed 74944K, reserved 1179648K
  class space    used 7813K, committed 8512K, reserved 1048576K
}
Event: 47.875 GC heap before
{Heap before GC invocations=583 (full 3):
 PSYoungGen      total 1536K, used 1247K [0x00000000eab00000, 0x00000000ead80000, 0x0000000100000000)
  eden space 1024K, 99% used [0x00000000eab00000,0x00000000eabffff0,0x00000000eac00000)
  from space 512K, 43% used [0x00000000eac80000,0x00000000eacb8000,0x00000000ead00000)
  to   space 512K, 0% used [0x00000000ead00000,0x00000000ead00000,0x00000000ead80000)
 ParOldGen       total 446976K, used 446693K [0x00000000c0000000, 0x00000000db480000, 0x00000000eab00000)
  object space 446976K, 99% used [0x00000000c0000000,0x00000000db4396b8,0x00000000db480000)
 Metaspace       used 73390K, committed 74944K, reserved 1179648K
  class space    used 7813K, committed 8512K, reserved 1048576K
}
Event: 47.878 GC heap after
{Heap after GC invocations=583 (full 3):
 PSYoungGen      total 1536K, used 342K [0x00000000eab00000, 0x00000000ead80000, 0x0000000100000000)
  eden space 1024K, 0% used [0x00000000eab00000,0x00000000eab00000,0x00000000eac00000)
  from space 512K, 66% used [0x00000000ead00000,0x00000000ead55808,0x00000000ead80000)
  to   space 512K, 0% used [0x00000000eac80000,0x00000000eac80000,0x00000000ead00000)
 ParOldGen       total 446976K, used 446861K [0x00000000c0000000, 0x00000000db480000, 0x00000000eab00000)
  object space 446976K, 99% used [0x00000000c0000000,0x00000000db4636b8,0x00000000db480000)
 Metaspace       used 73390K, committed 74944K, reserved 1179648K
  class space    used 7813K, committed 8512K, reserved 1048576K
}
Event: 47.898 GC heap before
{Heap before GC invocations=584 (full 3):
 PSYoungGen      total 1536K, used 1363K [0x00000000eab00000, 0x00000000ead80000, 0x0000000100000000)
  eden space 1024K, 99% used [0x00000000eab00000,0x00000000eabff718,0x00000000eac00000)
  from space 512K, 66% used [0x00000000ead00000,0x00000000ead55808,0x00000000ead80000)
  to   space 512K, 0% used [0x00000000eac80000,0x00000000eac80000,0x00000000ead00000)
 ParOldGen       total 446976K, used 446861K [0x00000000c0000000, 0x00000000db480000, 0x00000000eab00000)
  object space 446976K, 99% used [0x00000000c0000000,0x00000000db4636b8,0x00000000db480000)
 Metaspace       used 73390K, committed 74944K, reserved 1179648K
  class space    used 7813K, committed 8512K, reserved 1048576K
}
Event: 47.902 GC heap after
{Heap after GC invocations=584 (full 3):
 PSYoungGen      total 1536K, used 256K [0x00000000eab00000, 0x00000000ead80000, 0x0000000100000000)
  eden space 1024K, 0% used [0x00000000eab00000,0x00000000eab00000,0x00000000eac00000)
  from space 512K, 50% used [0x00000000eac80000,0x00000000eacc0000,0x00000000ead00000)
  to   space 512K, 0% used [0x00000000ead00000,0x00000000ead00000,0x00000000ead80000)
 ParOldGen       total 447488K, used 447083K [0x00000000c0000000, 0x00000000db500000, 0x00000000eab00000)
  object space 447488K, 99% used [0x00000000c0000000,0x00000000db49aec0,0x00000000db500000)
 Metaspace       used 73390K, committed 74944K, reserved 1179648K
  class space    used 7813K, committed 8512K, reserved 1048576K
}
Event: 47.911 GC heap before
{Heap before GC invocations=585 (full 3):
 PSYoungGen      total 1536K, used 1276K [0x00000000eab00000, 0x00000000ead80000, 0x0000000100000000)
  eden space 1024K, 99% used [0x00000000eab00000,0x00000000eabff310,0x00000000eac00000)
  from space 512K, 50% used [0x00000000eac80000,0x00000000eacc0000,0x00000000ead00000)
  to   space 512K, 0% used [0x00000000ead00000,0x00000000ead00000,0x00000000ead80000)
 ParOldGen       total 447488K, used 447083K [0x00000000c0000000, 0x00000000db500000, 0x00000000eab00000)
  object space 447488K, 99% used [0x00000000c0000000,0x00000000db49aec0,0x00000000db500000)
 Metaspace       used 73390K, committed 74944K, reserved 1179648K
  class space    used 7813K, committed 8512K, reserved 1048576K
}
Event: 47.914 GC heap after
{Heap after GC invocations=585 (full 3):
 PSYoungGen      total 1536K, used 256K [0x00000000eab00000, 0x00000000ead80000, 0x0000000100000000)
  eden space 1024K, 0% used [0x00000000eab00000,0x00000000eab00000,0x00000000eac00000)
  from space 512K, 50% used [0x00000000ead00000,0x00000000ead40000,0x00000000ead80000)
  to   space 512K, 0% used [0x00000000eac80000,0x00000000eac80000,0x00000000ead00000)
 ParOldGen       total 447488K, used 447243K [0x00000000c0000000, 0x00000000db500000, 0x00000000eab00000)
  object space 447488K, 99% used [0x00000000c0000000,0x00000000db4c2ec0,0x00000000db500000)
 Metaspace       used 73390K, committed 74944K, reserved 1179648K
  class space    used 7813K, committed 8512K, reserved 1048576K
}
Event: 47.928 GC heap before
{Heap before GC invocations=586 (full 3):
 PSYoungGen      total 1536K, used 1280K [0x00000000eab00000, 0x00000000ead80000, 0x0000000100000000)
  eden space 1024K, 100% used [0x00000000eab00000,0x00000000eac00000,0x00000000eac00000)
  from space 512K, 50% used [0x00000000ead00000,0x00000000ead40000,0x00000000ead80000)
  to   space 512K, 0% used [0x00000000eac80000,0x00000000eac80000,0x00000000ead00000)
 ParOldGen       total 447488K, used 447243K [0x00000000c0000000, 0x00000000db500000, 0x00000000eab00000)
  object space 447488K, 99% used [0x00000000c0000000,0x00000000db4c2ec0,0x00000000db500000)
 Metaspace       used 73390K, committed 74944K, reserved 1179648K
  class space    used 7813K, committed 8512K, reserved 1048576K
}
Event: 47.933 GC heap after
{Heap after GC invocations=586 (full 3):
 PSYoungGen      total 1536K, used 224K [0x00000000eab00000, 0x00000000ead80000, 0x0000000100000000)
  eden space 1024K, 0% used [0x00000000eab00000,0x00000000eab00000,0x00000000eac00000)
  from space 512K, 43% used [0x00000000eac80000,0x00000000eacb8000,0x00000000ead00000)
  to   space 512K, 0% used [0x00000000ead00000,0x00000000ead00000,0x00000000ead80000)
 ParOldGen       total 447488K, used 447395K [0x00000000c0000000, 0x00000000db500000, 0x00000000eab00000)
  object space 447488K, 99% used [0x00000000c0000000,0x00000000db4e8ec0,0x00000000db500000)
 Metaspace       used 73390K, committed 74944K, reserved 1179648K
  class space    used 7813K, committed 8512K, reserved 1048576K
}
Event: 47.970 GC heap before
{Heap before GC invocations=587 (full 3):
 PSYoungGen      total 1536K, used 1241K [0x00000000eab00000, 0x00000000ead80000, 0x0000000100000000)
  eden space 1024K, 99% used [0x00000000eab00000,0x00000000eabfe588,0x00000000eac00000)
  from space 512K, 43% used [0x00000000eac80000,0x00000000eacb8000,0x00000000ead00000)
  to   space 512K, 0% used [0x00000000ead00000,0x00000000ead00000,0x00000000ead80000)
 ParOldGen       total 447488K, used 447395K [0x00000000c0000000, 0x00000000db500000, 0x00000000eab00000)
  object space 447488K, 99% used [0x00000000c0000000,0x00000000db4e8ec0,0x00000000db500000)
 Metaspace       used 73391K, committed 74944K, reserved 1179648K
  class space    used 7813K, committed 8512K, reserved 1048576K
}
Event: 47.973 GC heap after
{Heap after GC invocations=587 (full 3):
 PSYoungGen      total 1536K, used 256K [0x00000000eab00000, 0x00000000ead80000, 0x0000000100000000)
  eden space 1024K, 0% used [0x00000000eab00000,0x00000000eab00000,0x00000000eac00000)
  from space 512K, 50% used [0x00000000ead00000,0x00000000ead40000,0x00000000ead80000)
  to   space 512K, 0% used [0x00000000eac80000,0x00000000eac80000,0x00000000ead00000)
 ParOldGen       total 448000K, used 447547K [0x00000000c0000000, 0x00000000db580000, 0x00000000eab00000)
  object space 448000K, 99% used [0x00000000c0000000,0x00000000db50eec0,0x00000000db580000)
 Metaspace       used 73391K, committed 74944K, reserved 1179648K
  class space    used 7813K, committed 8512K, reserved 1048576K
}

