# JRE version: OpenJDK Runtime Environment Corretto-21.0.5.11.1 (21.0.5+11) (build 21.0.5+11-LTS)
# Java VM: OpenJDK 64-Bit Server VM Corretto-21.0.5.11.1 (21.0.5+11-LTS, mixed mode, sharing, tiered, compressed oops, compressed class ptrs, g1 gc, windows-amd64)
GC Precious Log:
 CardTable entry size: 512
 Card Set container configuration: InlinePtr #cards 5 size 8 Array Of Cards #cards 12 size 40 Howl #buckets 4 coarsen threshold 1843 Howl Bitmap #cards 512 size 80 coarsen threshold 460 Card regions per heap region 1 cards per card region 2048
 CPUs: 8 total, 8 available
 Memory: 6086M
 Large Page Support: Disabled
 NUMA Support: Disabled
 Compressed Oops: Enabled (32-bit)
 Heap Region Size: 1M
 Heap Min Capacity: 8M
 Heap Initial Capacity: 96M
 Heap Max Capacity: 1522M
 Pre-touch: Disabled
 Parallel Workers: 8
 Concurrent Workers: 2
 Concurrent Refinement Workers: 8
 Periodic GC: Disabled
Heap:
 garbage-first heap   total 82944K, used 54464K [0x00000000a0e00000, 0x0000000100000000)
  region size 1024K, 21 young (21504K), 4 survivors (4096K)
 Metaspace       used 74776K, committed 75584K, reserved 1179648K
  class space    used 10002K, committed 10368K, reserved 1048576K
GC Heap History (20 events):
Event: 6.547 GC heap before
{Heap before GC invocations=2 (full 0):
 garbage-first heap   total 98304K, used 55286K [0x00000000a0e00000, 0x0000000100000000)
  region size 1024K, 39 young (39936K), 3 survivors (3072K)
 Metaspace       used 18431K, committed 18752K, reserved 1114112K
  class space    used 2191K, committed 2304K, reserved 1048576K
}
Event: 6.558 GC heap after
{Heap after GC invocations=3 (full 0):
 garbage-first heap   total 98304K, used 21288K [0x00000000a0e00000, 0x0000000100000000)
  region size 1024K, 5 young (5120K), 5 survivors (5120K)
 Metaspace       used 18431K, committed 18752K, reserved 1114112K
  class space    used 2191K, committed 2304K, reserved 1048576K
}
Event: 7.145 GC heap before
{Heap before GC invocations=3 (full 0):
 garbage-first heap   total 98304K, used 33576K [0x00000000a0e00000, 0x0000000100000000)
  region size 1024K, 19 young (19456K), 5 survivors (5120K)
 Metaspace       used 21177K, committed 21504K, reserved 1114112K
  class space    used 2515K, committed 2688K, reserved 1048576K
}
Event: 7.157 GC heap after
{Heap after GC invocations=4 (full 0):
 garbage-first heap   total 98304K, used 23066K [0x00000000a0e00000, 0x0000000100000000)
  region size 1024K, 5 young (5120K), 5 survivors (5120K)
 Metaspace       used 21177K, committed 21504K, reserved 1114112K
  class space    used 2515K, committed 2688K, reserved 1048576K
}
Event: 8.914 GC heap before
{Heap before GC invocations=5 (full 0):
 garbage-first heap   total 68608K, used 55834K [0x00000000a0e00000, 0x0000000100000000)
  region size 1024K, 40 young (40960K), 5 survivors (5120K)
 Metaspace       used 25993K, committed 26304K, reserved 1114112K
  class space    used 3230K, committed 3392K, reserved 1048576K
}
Event: 8.935 GC heap after
{Heap after GC invocations=6 (full 0):
 garbage-first heap   total 68608K, used 22591K [0x00000000a0e00000, 0x0000000100000000)
  region size 1024K, 5 young (5120K), 5 survivors (5120K)
 Metaspace       used 25993K, committed 26304K, reserved 1114112K
  class space    used 3230K, committed 3392K, reserved 1048576K
}
Event: 10.866 GC heap before
{Heap before GC invocations=6 (full 0):
 garbage-first heap   total 68608K, used 53311K [0x00000000a0e00000, 0x0000000100000000)
  region size 1024K, 35 young (35840K), 5 survivors (5120K)
 Metaspace       used 30921K, committed 31360K, reserved 1114112K
  class space    used 3955K, committed 4160K, reserved 1048576K
}
Event: 10.886 GC heap after
{Heap after GC invocations=7 (full 0):
 garbage-first heap   total 68608K, used 24960K [0x00000000a0e00000, 0x0000000100000000)
  region size 1024K, 4 young (4096K), 4 survivors (4096K)
 Metaspace       used 30921K, committed 31360K, reserved 1114112K
  class space    used 3955K, committed 4160K, reserved 1048576K
}
Event: 12.259 GC heap before
{Heap before GC invocations=7 (full 0):
 garbage-first heap   total 68608K, used 48512K [0x00000000a0e00000, 0x0000000100000000)
  region size 1024K, 27 young (27648K), 4 survivors (4096K)
 Metaspace       used 35431K, committed 35968K, reserved 1114112K
  class space    used 4498K, committed 4736K, reserved 1048576K
}
Event: 12.267 GC heap after
{Heap after GC invocations=8 (full 0):
 garbage-first heap   total 82944K, used 26853K [0x00000000a0e00000, 0x0000000100000000)
  region size 1024K, 2 young (2048K), 2 survivors (2048K)
 Metaspace       used 35431K, committed 35968K, reserved 1114112K
  class space    used 4498K, committed 4736K, reserved 1048576K
}
Event: 15.527 GC heap before
{Heap before GC invocations=9 (full 0):
 garbage-first heap   total 82944K, used 67813K [0x00000000a0e00000, 0x0000000100000000)
  region size 1024K, 43 young (44032K), 2 survivors (2048K)
 Metaspace       used 49541K, committed 50112K, reserved 1114112K
  class space    used 6411K, committed 6656K, reserved 1048576K
}
Event: 15.539 GC heap after
{Heap after GC invocations=10 (full 0):
 garbage-first heap   total 82944K, used 30346K [0x00000000a0e00000, 0x0000000100000000)
  region size 1024K, 6 young (6144K), 6 survivors (6144K)
 Metaspace       used 49541K, committed 50112K, reserved 1114112K
  class space    used 6411K, committed 6656K, reserved 1048576K
}
Event: 17.422 GC heap before
{Heap before GC invocations=10 (full 0):
 garbage-first heap   total 82944K, used 63114K [0x00000000a0e00000, 0x0000000100000000)
  region size 1024K, 40 young (40960K), 6 survivors (6144K)
 Metaspace       used 59566K, committed 60096K, reserved 1114112K
  class space    used 7912K, committed 8128K, reserved 1048576K
}
Event: 17.432 GC heap after
{Heap after GC invocations=11 (full 0):
 garbage-first heap   total 82944K, used 31727K [0x00000000a0e00000, 0x0000000100000000)
  region size 1024K, 2 young (2048K), 2 survivors (2048K)
 Metaspace       used 59566K, committed 60096K, reserved 1114112K
  class space    used 7912K, committed 8128K, reserved 1048576K
}
Event: 17.497 GC heap before
{Heap before GC invocations=11 (full 0):
 garbage-first heap   total 82944K, used 32751K [0x00000000a0e00000, 0x0000000100000000)
  region size 1024K, 4 young (4096K), 2 survivors (2048K)
 Metaspace       used 59844K, committed 60416K, reserved 1114112K
  class space    used 7960K, committed 8192K, reserved 1048576K
}
Event: 17.501 GC heap after
{Heap after GC invocations=12 (full 0):
 garbage-first heap   total 82944K, used 31578K [0x00000000a0e00000, 0x0000000100000000)
  region size 1024K, 2 young (2048K), 2 survivors (2048K)
 Metaspace       used 59844K, committed 60416K, reserved 1114112K
  class space    used 7960K, committed 8192K, reserved 1048576K
}
Event: 19.955 GC heap before
{Heap before GC invocations=13 (full 0):
 garbage-first heap   total 82944K, used 71514K [0x00000000a0e00000, 0x0000000100000000)
  region size 1024K, 41 young (41984K), 2 survivors (2048K)
 Metaspace       used 67197K, committed 67904K, reserved 1114112K
  class space    used 8939K, committed 9280K, reserved 1048576K
}
Event: 19.967 GC heap after
{Heap after GC invocations=14 (full 0):
 garbage-first heap   total 82944K, used 35265K [0x00000000a0e00000, 0x0000000100000000)
  region size 1024K, 6 young (6144K), 6 survivors (6144K)
 Metaspace       used 67197K, committed 67904K, reserved 1114112K
  class space    used 8939K, committed 9280K, reserved 1048576K
}
Event: 21.309 GC heap before
{Heap before GC invocations=14 (full 0):
 garbage-first heap   total 82944K, used 69057K [0x00000000a0e00000, 0x0000000100000000)
  region size 1024K, 40 young (40960K), 6 survivors (6144K)
 Metaspace       used 71162K, committed 71936K, reserved 1114112K
  class space    used 9510K, committed 9856K, reserved 1048576K
}
Event: 21.321 GC heap after
{Heap after GC invocations=15 (full 0):
 garbage-first heap   total 82944K, used 38080K [0x00000000a0e00000, 0x0000000100000000)
  region size 1024K, 4 young (4096K), 4 survivors (4096K)
 Metaspace       used 71162K, committed 71936K, reserved 1114112K
  class space    used 9510K, committed 9856K, reserved 1048576K
}

